<?xml version="1.0" encoding="UTF-8"?>
<testng-results ignored="0" total="1" passed="1" failed="0" skipped="0">
  <reporter-output>
  </reporter-output>
  <suite started-at="2018-12-05T00:51:04Z" name="Suite" finished-at="2018-12-05T00:51:04Z" duration-ms="57">
    <groups>
    </groups>
    <test started-at="2018-12-05T00:51:04Z" name="Test" finished-at="2018-12-05T00:51:04Z" duration-ms="57">
      <class name="com.Maven.MavenTest">
        <test-method signature="hello()[pri:0, instance:com.Maven.MavenTest@198b6731]" started-at="2018-12-05T00:51:04Z" name="hello" finished-at="2018-12-05T00:51:04Z" duration-ms="14" status="PASS">
          <reporter-output>
          </reporter-output>
        </test-method> <!-- hello -->
      </class> <!-- com.Maven.MavenTest -->
    </test> <!-- Test -->
  </suite> <!-- Suite -->
</testng-results>
