<?xml version="1.0" encoding="UTF-8"?>
<testng-results ignored="0" total="1" passed="1" failed="0" skipped="0">
  <reporter-output>
  </reporter-output>
  <suite started-at="2018-12-05T00:50:20Z" name="Default suite" finished-at="2018-12-05T00:50:25Z" duration-ms="4627">
    <groups>
    </groups>
    <test started-at="2018-12-05T00:50:20Z" name="Default test" finished-at="2018-12-05T00:50:25Z" duration-ms="4627">
      <class name="com.Maven.BaseClass">
        <test-method signature="setUp()[pri:0, instance:com.Maven.BaseClass@71e9ddb4]" started-at="2018-12-05T00:50:20Z" name="setUp" finished-at="2018-12-05T00:50:25Z" duration-ms="4586" status="PASS">
          <reporter-output>
          </reporter-output>
        </test-method> <!-- setUp -->
      </class> <!-- com.Maven.BaseClass -->
    </test> <!-- Default test -->
  </suite> <!-- Default suite -->
</testng-results>
